\BOOKMARK [0][-]{Doc-Start}{Acknowledgments}{}% 1
\BOOKMARK [0][-]{chapter*.1}{Abstract}{}% 2
\BOOKMARK [0][-]{chapter.1}{Introduction}{}% 3
\BOOKMARK [1][-]{section.1.1}{Motivation}{chapter.1}% 4
\BOOKMARK [1][-]{section.1.2}{Study Goals}{chapter.1}% 5
\BOOKMARK [2][-]{subsection.1.2.1}{Create a Metric for Hand Posture Comfort/Discomfort}{section.1.2}% 6
\BOOKMARK [2][-]{subsection.1.2.2}{Show the Metric's Influence on User Performance}{section.1.2}% 7
\BOOKMARK [0][-]{chapter.2}{Related Work}{}% 8
\BOOKMARK [1][-]{section.2.1}{Nikolas Schneider}{chapter.2}% 9
\BOOKMARK [1][-]{section.2.2}{Comfort and Discomfort}{chapter.2}% 10
\BOOKMARK [0][-]{chapter.3}{Theoretical Foundation}{}% 11
\BOOKMARK [1][-]{section.3.1}{Comfort and Discomfort Definitions}{chapter.3}% 12
\BOOKMARK [1][-]{section.3.2}{Hand Comfort and Discomfort Metric Components}{chapter.3}% 13
\BOOKMARK [2][-]{subsection.3.2.1}{Deviation from Range of Rest Posture}{section.3.2}% 14
\BOOKMARK [2][-]{subsection.3.2.2}{The Inter Finger Angles}{section.3.2}% 15
\BOOKMARK [2][-]{subsection.3.2.3}{Finger Hyperextension}{section.3.2}% 16
\BOOKMARK [2][-]{subsection.3.2.4}{Finger Abduction}{section.3.2}% 17
\BOOKMARK [1][-]{section.3.3}{Naive Metrics}{chapter.3}% 18
\BOOKMARK [1][-]{section.3.4}{Improved Metrics}{chapter.3}% 19
\BOOKMARK [0][-]{chapter.4}{Implementation}{}% 20
\BOOKMARK [1][-]{section.4.1}{Basic Setup}{chapter.4}% 21
\BOOKMARK [2][-]{subsection.4.1.1}{Unity}{section.4.1}% 22
\BOOKMARK [2][-]{subsection.4.1.2}{Leap Motion Controller}{section.4.1}% 23
\BOOKMARK [2][-]{subsection.4.1.3}{Further Project Configuration}{section.4.1}% 24
\BOOKMARK [1][-]{section.4.2}{Hand Model}{chapter.4}% 25
\BOOKMARK [1][-]{section.4.3}{Hand Posture Classification}{chapter.4}% 26
\BOOKMARK [1][-]{section.4.4}{Hand Posture Metrics}{chapter.4}% 27
\BOOKMARK [2][-]{subsection.4.4.1}{Comfort}{section.4.4}% 28
\BOOKMARK [2][-]{subsection.4.4.2}{Discomfort}{section.4.4}% 29
\BOOKMARK [1][-]{section.4.5}{Random Hand Generator}{chapter.4}% 30
\BOOKMARK [1][-]{section.4.6}{User Study Tests}{chapter.4}% 31
\BOOKMARK [1][-]{section.4.7}{Problems}{chapter.4}% 32
\BOOKMARK [2][-]{subsection.4.7.1}{Serialization and Normalization of Vector3 and Quaternions}{section.4.7}% 33
\BOOKMARK [2][-]{subsection.4.7.2}{Leap Tracking}{section.4.7}% 34
\BOOKMARK [2][-]{subsection.4.7.3}{Hand Posture Detection}{section.4.7}% 35
\BOOKMARK [0][-]{chapter.5}{User Studies}{}% 36
\BOOKMARK [1][-]{section.5.1}{First User Study}{chapter.5}% 37
\BOOKMARK [1][-]{section.5.2}{Early Analysis and its Consequences}{chapter.5}% 38
\BOOKMARK [1][-]{section.5.3}{Second User Study}{chapter.5}% 39
\BOOKMARK [0][-]{chapter.6}{Results and Discussion}{}% 40
\BOOKMARK [1][-]{section.6.1}{Results}{chapter.6}% 41
\BOOKMARK [1][-]{section.6.2}{Discussion}{chapter.6}% 42
\BOOKMARK [0][-]{chapter*.5}{List of Figures}{}% 43
\BOOKMARK [0][-]{chapter*.6}{List of Tables}{}% 44
