This is pdfTeX, Version 3.14159265-2.6-1.40.17 (MiKTeX 2.9) (preloaded format=pdflatex 2016.8.9)  10 AUG 2016 12:51
entering extended mode
**./sig-alternate-sample.tex
(sig-alternate-sample.tex
LaTeX2e <2016/03/31> patch level 1
Babel <3.9r> and hyphenation patterns for 75 language(s) loaded.
(sig-alternate-05-2015.cls
("C:\Users\Jonas\AppData\Local\Programs\MiKTeX 2.9\tex\latex\graphics\epsfig.st
y"
Package: epsfig 1999/02/16 v1.7a (e)psfig emulation (SPQR)

("C:\Users\Jonas\AppData\Local\Programs\MiKTeX 2.9\tex\latex\graphics\graphicx.
sty"
Package: graphicx 2014/10/28 v1.0g Enhanced LaTeX Graphics (DPC,SPQR)

("C:\Users\Jonas\AppData\Local\Programs\MiKTeX 2.9\tex\latex\graphics\keyval.st
y"
Package: keyval 2014/10/28 v1.15 key=value parser (DPC)
\KV@toks@=\toks14
)
("C:\Users\Jonas\AppData\Local\Programs\MiKTeX 2.9\tex\latex\graphics\graphics.
sty"
Package: graphics 2016/06/02 v1.0s Standard LaTeX Graphics (DPC,SPQR)

("C:\Users\Jonas\AppData\Local\Programs\MiKTeX 2.9\tex\latex\graphics\trig.sty"
Package: trig 2016/01/03 v1.10 sin cos tan (DPC)
)
("C:\Users\Jonas\AppData\Local\Programs\MiKTeX 2.9\tex\latex\00miktex\graphics.
cfg"
File: graphics.cfg 2016/06/04 v1.11 sample graphics configuration
)
Package graphics Info: Driver file: pdftex.def on input line 99.

("C:\Users\Jonas\AppData\Local\Programs\MiKTeX 2.9\tex\latex\pdftex-def\pdftex.
def"
File: pdftex.def 2016/06/17 v0.06h Graphics/color for pdfTeX

("C:\Users\Jonas\AppData\Local\Programs\MiKTeX 2.9\tex\generic\oberdiek\infware
rr.sty"
Package: infwarerr 2016/05/16 v1.4 Providing info/warning/error messages (HO)
)
("C:\Users\Jonas\AppData\Local\Programs\MiKTeX 2.9\tex\generic\oberdiek\ltxcmds
.sty"
Package: ltxcmds 2016/05/16 v1.23 LaTeX kernel commands for general use (HO)
)
\Gread@gobject=\count79
))
\Gin@req@height=\dimen102
\Gin@req@width=\dimen103
)
\epsfxsize=\dimen104
\epsfysize=\dimen105
)
("C:\Users\Jonas\AppData\Local\Programs\MiKTeX 2.9\tex\latex\amsfonts\amssymb.s
ty"
Package: amssymb 2013/01/14 v3.01 AMS font symbols

("C:\Users\Jonas\AppData\Local\Programs\MiKTeX 2.9\tex\latex\amsfonts\amsfonts.
sty"
Package: amsfonts 2013/01/14 v3.01 Basic AMSFonts support
\@emptytoks=\toks15
\symAMSa=\mathgroup4
\symAMSb=\mathgroup5
LaTeX Font Info:    Overwriting math alphabet `\mathfrak' in version `bold'
(Font)                  U/euf/m/n --> U/euf/b/n on input line 106.
))
("C:\Users\Jonas\AppData\Local\Programs\MiKTeX 2.9\tex\latex\amsmath\amsmath.st
y"
Package: amsmath 2016/03/10 v2.15b AMS math features
\@mathmargin=\skip41

For additional information on amsmath, use the `?' option.

("C:\Users\Jonas\AppData\Local\Programs\MiKTeX 2.9\tex\latex\amsmath\amstext.st
y"
Package: amstext 2000/06/29 v2.01 AMS text

("C:\Users\Jonas\AppData\Local\Programs\MiKTeX 2.9\tex\latex\amsmath\amsgen.sty
"
File: amsgen.sty 1999/11/30 v2.0 generic functions
\@emptytoks=\toks16
\ex@=\dimen106
))
("C:\Users\Jonas\AppData\Local\Programs\MiKTeX 2.9\tex\latex\amsmath\amsbsy.sty
"
Package: amsbsy 1999/11/29 v1.2d Bold Symbols
\pmbraise@=\dimen107
)
("C:\Users\Jonas\AppData\Local\Programs\MiKTeX 2.9\tex\latex\amsmath\amsopn.sty
"
Package: amsopn 2016/03/08 v2.02 operator names
)
\inf@bad=\count80
LaTeX Info: Redefining \frac on input line 199.
\uproot@=\count81
\leftroot@=\count82
LaTeX Info: Redefining \overline on input line 297.
\classnum@=\count83
\DOTSCASE@=\count84
LaTeX Info: Redefining \ldots on input line 394.
LaTeX Info: Redefining \dots on input line 397.
LaTeX Info: Redefining \cdots on input line 518.
\Mathstrutbox@=\box26
\strutbox@=\box27
\big@size=\dimen108
LaTeX Font Info:    Redeclaring font encoding OML on input line 634.
LaTeX Font Info:    Redeclaring font encoding OMS on input line 635.
\macc@depth=\count85
\c@MaxMatrixCols=\count86
\dotsspace@=\muskip10
\c@parentequation=\count87
\dspbrk@lvl=\count88
\tag@help=\toks17
\row@=\count89
\column@=\count90
\maxfields@=\count91
\andhelp@=\toks18
\eqnshift@=\dimen109
\alignsep@=\dimen110
\tagshift@=\dimen111
\tagwidth@=\dimen112
\totwidth@=\dimen113
\lineht@=\dimen114
\@envbody=\toks19
\multlinegap=\skip42
\multlinetaggap=\skip43
\mathdisplay@stack=\toks20
LaTeX Info: Redefining \[ on input line 2739.
LaTeX Info: Redefining \] on input line 2740.
)
Document Class 'sig-alternate' <9th June '13>. Modified by G.K.M. Tobin/Gerry M
urray/Boris Veytsman
Based in part upon document Style `acmconf' <22 May 89>. Hacked 4/91 by
shivers@cs.cmu.edu, 4/93 by theobald@cs.mcgill.ca
Excerpts were taken from (Journal Style) 'esub2acm.cls'.
****** Bugs/comments/suggestions/technicalities to Gerry Murray -- murray@hq.ac
m.org ******
Questions on the style, SIGS policies, etc. to Adrienne Griscti griscti@acm.org

\ACM@basesize=\count92

("C:\Users\Jonas\AppData\Local\Programs\MiKTeX 2.9\tex\latex\comment\comment.st
y"
\CommentStream=\write3
 Excluding comment 'comment') Excluding comment 'CCSXML'
\footheight=\dimen115
\@maxsep=\dimen116
\@dblmaxsep=\dimen117

("C:\Users\Jonas\AppData\Local\Programs\MiKTeX 2.9\tex\generic\oberdiek\ifpdf.s
ty"
Package: ifpdf 2016/05/14 v3.1 Provides the ifpdf switch
)
\aucount=\count93
\originalaucount=\count94
\auwidth=\dimen118
\auskip=\dimen119
\auskipcount=\count95
\auskip=\dimen120
\allauboxes=\dimen121
\addauthors=\toks21
\addauflag=\count96
\subtitletext=\toks22
\savesection=\count97
\sectioncntr=\count98
\c@figure=\count99
\c@table=\count100
\titleboxnotes=\toks23
\titleboxnoteflag=\count101


LaTeX Warning: You have requested document class `sig-alternate-05-2015',
               but the document class provides `sig-alternate'.

Document Class: sig-alternate 2013/05/12 v2.7 based on acmproc.cls V1.3 <Nov. 3
0 '99>
("C:\Users\Jonas\AppData\Local\Programs\MiKTeX 2.9\tex\latex\base\latexsym.sty"
Package: latexsym 1998/08/17 v2.2e Standard LaTeX package (lasy symbols)
\symlasy=\mathgroup6
LaTeX Font Info:    Overwriting symbol font `lasy' in version `bold'
(Font)                  U/lasy/m/n --> U/lasy/b/n on input line 52.
)
\@acmtitlebox=\box28
\titlenotecount=\count102
\tntoks=\toks24
\tntokstwo=\toks25
\tntoksthree=\toks26
\tntoksfour=\toks27
\tntoksfive=\toks28
\catcount=\count103
\copyrightnotice=\toks29
\conf=\toks30
\confinfo=\toks31
\c@part=\count104
\c@section=\count105
\c@subsection=\count106
\c@subsubsection=\count107
\c@paragraph=\count108

Using 'Abbrev' bibliography style
LaTeX Info: Redefining \cite on input line 1408.
\bibindent=\dimen122
\colcntr=\count109
\saveb@x=\box29
\copyrtyr=\toks32
\acmcopyr=\toks33
\boilerplate=\toks34
("C:\Users\Jonas\AppData\Local\Programs\MiKTeX 2.9\tex\latex\url\url.sty"
\Urlmuskip=\muskip11
Package: url 2013/09/16  ver 3.4  Verb mode for urls, etc.
)
(acmcopyright.sty
Package: acmcopyright 2014/06/29 v1.2 Copyright statemens for ACM classes

("C:\Users\Jonas\AppData\Local\Programs\MiKTeX 2.9\tex\latex\xkeyval\xkeyval.st
y"
Package: xkeyval 2014/12/03 v2.7a package option processing (HA)

("C:\Users\Jonas\AppData\Local\Programs\MiKTeX 2.9\tex\generic\xkeyval\xkeyval.
tex"
("C:\Users\Jonas\AppData\Local\Programs\MiKTeX 2.9\tex\generic\xkeyval\xkvutils
.tex"
\XKV@toks=\toks35
\XKV@tempa@toks=\toks36
)
\XKV@depth=\count110
File: xkeyval.tex 2014/12/03 v2.7a key=value parser (HA)
)))
\copyrightetc=\toks37

("C:\Users\Jonas\AppData\Local\Programs\MiKTeX 2.9\tex\latex\base\fontenc.sty"
Package: fontenc 2005/09/27 v1.99g Standard LaTeX package

("C:\Users\Jonas\AppData\Local\Programs\MiKTeX 2.9\tex\latex\base\t1enc.def"
File: t1enc.def 2005/09/27 v1.99g Standard LaTeX file
LaTeX Font Info:    Redeclaring font encoding T1 on input line 48.
)
LaTeX Font Info:    Try loading font information for T1+aer on input line 105.

("C:\Users\Jonas\AppData\Local\Programs\MiKTeX 2.9\tex\latex\ae\t1aer.fd"
File: t1aer.fd 1997/11/16 Font definitions for T1/aer.
)))
(sig-alternate-sample.aux)
\openout1 = `sig-alternate-sample.aux'.

LaTeX Font Info:    Checking defaults for OML/cmm/m/it on input line 51.
LaTeX Font Info:    ... okay on input line 51.
LaTeX Font Info:    Checking defaults for T1/cmr/m/n on input line 51.
LaTeX Font Info:    ... okay on input line 51.
LaTeX Font Info:    Checking defaults for OT1/cmr/m/n on input line 51.
LaTeX Font Info:    ... okay on input line 51.
LaTeX Font Info:    Checking defaults for OMS/cmsy/m/n on input line 51.
LaTeX Font Info:    ... okay on input line 51.
LaTeX Font Info:    Checking defaults for OMX/cmex/m/n on input line 51.
LaTeX Font Info:    ... okay on input line 51.
LaTeX Font Info:    Checking defaults for U/cmr/m/n on input line 51.
LaTeX Font Info:    ... okay on input line 51.

("C:\Users\Jonas\AppData\Local\Programs\MiKTeX 2.9\tex\context\base\supp-pdf.mk
ii"
[Loading MPS to PDF converter (version 2006.09.02).]
\scratchcounter=\count111
\scratchdimen=\dimen123
\scratchbox=\box30
\nofMPsegments=\count112
\nofMParguments=\count113
\everyMPshowfont=\toks38
\MPscratchCnt=\count114
\MPscratchDim=\dimen124
\MPnumerator=\count115
\makeMPintoPDFobject=\count116
\everyMPtoPDFconversion=\toks39
)
("C:\Users\Jonas\AppData\Local\Programs\MiKTeX 2.9\tex\generic\oberdiek\pdftexc
mds.sty"
Package: pdftexcmds 2016/05/21 v0.22 Utility functions of pdfTeX for LuaTeX (HO
)

("C:\Users\Jonas\AppData\Local\Programs\MiKTeX 2.9\tex\generic\oberdiek\ifluate
x.sty"
Package: ifluatex 2016/05/16 v1.4 Provides the ifluatex switch (HO)
Package ifluatex Info: LuaTeX not detected.
)
Package pdftexcmds Info: LuaTeX not detected.
Package pdftexcmds Info: \pdf@primitive is available.
Package pdftexcmds Info: \pdf@ifprimitive is available.
Package pdftexcmds Info: \pdfdraftmode found.
)
("C:\Users\Jonas\AppData\Local\Programs\MiKTeX 2.9\tex\latex\oberdiek\epstopdf-
base.sty"
Package: epstopdf-base 2016/05/15 v2.6 Base part for package epstopdf

("C:\Users\Jonas\AppData\Local\Programs\MiKTeX 2.9\tex\latex\oberdiek\grfext.st
y"
Package: grfext 2016/05/16 v1.2 Manage graphics extensions (HO)

("C:\Users\Jonas\AppData\Local\Programs\MiKTeX 2.9\tex\generic\oberdiek\kvdefin
ekeys.sty"
Package: kvdefinekeys 2016/05/16 v1.4 Define keys (HO)
))
("C:\Users\Jonas\AppData\Local\Programs\MiKTeX 2.9\tex\latex\oberdiek\kvoptions
.sty"
Package: kvoptions 2016/05/16 v3.12 Key value format for package options (HO)

("C:\Users\Jonas\AppData\Local\Programs\MiKTeX 2.9\tex\generic\oberdiek\kvsetke
ys.sty"
Package: kvsetkeys 2016/05/16 v1.17 Key value parser (HO)

("C:\Users\Jonas\AppData\Local\Programs\MiKTeX 2.9\tex\generic\oberdiek\etexcmd
s.sty"
Package: etexcmds 2016/05/16 v1.6 Avoid name clashes with e-TeX commands (HO)
Package etexcmds Info: Could not find \expanded.
(etexcmds)             That can mean that you are not using pdfTeX 1.50 or
(etexcmds)             that some package has redefined \expanded.
(etexcmds)             In the latter case, load this package earlier.
)))
Package epstopdf-base Info: Redefining graphics rule for `.eps' on input line 4
38.
Package grfext Info: Graphics extension search list:
(grfext)             [.png,.pdf,.jpg,.mps,.jpeg,.jbig2,.jb2,.PNG,.PDF,.JPG,.JPE
G,.JBIG2,.JB2,.eps]
(grfext)             \AppendGraphicsExtensions on input line 456.
)
LaTeX Font Info:    Try loading font information for U+msa on input line 184.

("C:\Users\Jonas\AppData\Local\Programs\MiKTeX 2.9\tex\latex\amsfonts\umsa.fd"
File: umsa.fd 2013/01/14 v3.01 AMS symbols A
)
LaTeX Font Info:    Try loading font information for U+msb on input line 184.
("C:\Users\Jonas\AppData\Local\Programs\MiKTeX 2.9\tex\latex\amsfonts\umsb.fd"
File: umsb.fd 2013/01/14 v3.01 AMS symbols B
)
LaTeX Font Info:    Try loading font information for U+lasy on input line 184.
("C:\Users\Jonas\AppData\Local\Programs\MiKTeX 2.9\tex\latex\base\ulasy.fd"
File: ulasy.fd 1998/08/17 v2.2e LaTeX symbol font definitions
)
Overfull \hbox (10.71048pt too wide) in paragraph at lines 184--184
 []\eaddfnt lleipuner@researchlabs.org| 
 []

LaTeX Font Info:    Try loading font information for T1+ptm on input line 184.
("C:\Users\Jonas\AppData\Local\Programs\MiKTeX 2.9\tex\latex\psnfss\t1ptm.fd"
File: t1ptm.fd 2001/06/04 font definitions for T1/ptm.
)
LaTeX Font Info:    Try loading font information for OMS+ptm on input line 184.


("C:\Users\Jonas\AppData\Local\Programs\MiKTeX 2.9\tex\latex\psnfss\omsptm.fd"
File: omsptm.fd 
)
LaTeX Font Info:    Font shape `OMS/ptm/m/n' in size <7> not available
(Font)              Font shape `OMS/cmsy/m/n' tried instead on input line 184.
LaTeX Font Info:    Try loading font information for T1+aett on input line 185.

("C:\Users\Jonas\AppData\Local\Programs\MiKTeX 2.9\tex\latex\ae\t1aett.fd"
File: t1aett.fd 1997/11/16 Font definitions for T1/aett.
)
Excluding 'CCSXML' comment.
LaTeX Font Info:    Try loading font information for OMS+aer on input line 254.


("C:\Users\Jonas\AppData\Local\Programs\MiKTeX 2.9\tex\latex\ae\omsaer.fd"
File: omsaer.fd 1999/12/27
)
LaTeX Font Info:    Font shape `OMS/aer/m/n' in size <9> not available
(Font)              Font shape `OMS/cmsy/m/n' tried instead on input line 254.

[1{C:/Users/Jonas/AppData/Local/MiKTeX/2.9/pdftex/config/pdftex.map}


]
Underfull \hbox (badness 1360) in paragraph at lines 293--293
[][]\T1/aer/m/n/9 Two of these, the \T1/aett/m/n/9 \num-bero-fau-thors \T1/aer/
m/n/9 and \T1/aett/m/n/9 \alig-nau-
 []


LaTeX Warning: Citation `Lamport:LaTeX' on page \thepage  undefined on input li
ne 349.


LaTeX Warning: Citation `Lamport:LaTeX' on page \thepage  undefined on input li
ne 364.


LaTeX Warning: Citation `bowman:reasoning' on page \thepage  undefined on input
 line 391.


LaTeX Warning: Citation `clark:pct' on page \thepage  undefined on input line 3
91.


LaTeX Warning: Citation `braams:babel' on page \thepage  undefined on input lin
e 391.


LaTeX Warning: Citation `herlihy:methodology' on page \thepage  undefined on in
put line 391.


LaTeX Warning: Citation `clark:pct' on page \thepage  undefined on input line 3
92.


LaTeX Warning: Citation `salas:calculus' on page \thepage  undefined on input l
ine 393.


LaTeX Warning: Citation `Lamport:LaTeX' on page \thepage  undefined on input li
ne 393.


LaTeX Warning: Citation `Lamport:LaTeX' on page \thepage  undefined on input li
ne 399.


LaTeX Warning: Citation `Lamport:LaTeX' on page \thepage  undefined on input li
ne 410.

[2]
Package epstopdf Info: Source file: <fly.eps>
(epstopdf)                    date: 2016-06-24 17:04:22
(epstopdf)                    size: 155104 bytes
(epstopdf)             Output file: <fly-eps-converted-to.pdf>
(epstopdf)                    date: 2016-08-10 12:50:14
(epstopdf)                    size: 4257 bytes
(epstopdf)             Command: <epstopdf --outfile=fly-eps-converted-to.pdf fl
y.eps>
(epstopdf)             \includegraphics on input line 487.
Package epstopdf Info: Output file is already uptodate.
 <fly-eps-converted-to.pdf, id=28, 34.1275pt x 32.12pt>
File: fly-eps-converted-to.pdf Graphic file (type pdf)

<use fly-eps-converted-to.pdf>
Package pdftex.def Info: fly-eps-converted-to.pdf used on input line 487.
(pdftex.def)             Requested size: 34.1274pt x 32.1199pt.
Package epstopdf Info: Source file: <fly.eps>
(epstopdf)                    date: 2016-06-24 17:04:22
(epstopdf)                    size: 155104 bytes
(epstopdf)             Output file: <fly-eps-converted-to.pdf>
(epstopdf)                    date: 2016-08-10 12:50:14
(epstopdf)                    size: 4257 bytes
(epstopdf)             Command: <epstopdf --outfile=fly-eps-converted-to.pdf fl
y.eps>
(epstopdf)             \includegraphics on input line 493.
Package epstopdf Info: Output file is already uptodate.
File: fly-eps-converted-to.pdf Graphic file (type pdf)
 <use fly-eps-converted-to.pdf>
Package pdftex.def Info: fly-eps-converted-to.pdf used on input line 493.
(pdftex.def)             Requested size: 72.27492pt x 72.27565pt.


LaTeX Font Warning: Font shape `T1/aett/bx/n' undefined
(Font)              using `T1/aett/m/n' instead on input line 495.

Package epstopdf Info: Source file: <flies.eps>
(epstopdf)                    date: 2016-06-24 17:04:22
(epstopdf)                    size: 343737 bytes
(epstopdf)             Output file: <flies-eps-converted-to.pdf>
(epstopdf)                    date: 2016-08-10 12:50:15
(epstopdf)                    size: 9701 bytes
(epstopdf)             Command: <epstopdf --outfile=flies-eps-converted-to.pdf 
flies.eps>
(epstopdf)             \includegraphics on input line 508.
Package epstopdf Info: Output file is already uptodate.
<flies-eps-converted-to.pdf, id=29, 307.1475pt x 114.4275pt>
File: flies-eps-converted-to.pdf Graphic file (type pdf)

<use flies-eps-converted-to.pdf>
Package pdftex.def Info: flies-eps-converted-to.pdf used on input line 508.
(pdftex.def)             Requested size: 307.14674pt x 114.42722pt.
Package epstopdf Info: Source file: <rosette.eps>
(epstopdf)                    date: 2016-06-24 17:04:22
(epstopdf)                    size: 3502 bytes
(epstopdf)             Output file: <rosette-eps-converted-to.pdf>
(epstopdf)                    date: 2016-08-10 12:50:15
(epstopdf)                    size: 2231 bytes
(epstopdf)             Command: <epstopdf --outfile=rosette-eps-converted-to.pd
f rosette.eps>
(epstopdf)             \includegraphics on input line 516.
Package epstopdf Info: Output file is already uptodate.

<rosette-eps-converted-to.pdf, id=30, 597.23125pt x 845.1575pt>
File: rosette-eps-converted-to.pdf Graphic file (type pdf)

<use rosette-eps-converted-to.pdf>
Package pdftex.def Info: rosette-eps-converted-to.pdf used on input line 516.
(pdftex.def)             Requested size: 72.26611pt x 72.26945pt.
\c@theorem=\count117
\c@definition=\count118

Overfull \hbox (15.60826pt too wide) detected at line 572
\OML/cmm/m/it/9 l \OT1/cmr/m/n/9 = [] \OML/cmm/m/it/9 f\OT1/cmr/m/n/9 (\OML/cmm
/m/it/9 x\OT1/cmr/m/n/9 ) = [] [] = [] \OML/cmm/m/it/9 g\OT1/cmr/m/n/9 (\OML/cm
m/m/it/9 x\OT1/cmr/m/n/9 ) \OMS/cmsy/m/n/9  [] [] \OT1/cmr/m/n/9 = 0 \OMS/cmsy
/m/n/9  \OML/cmm/m/it/9 L \OT1/cmr/m/n/9 = 0\OML/cmm/m/it/9 ;
 []


LaTeX Warning: Citation `salas:calculus' on page \thepage  undefined on input l
ine 582.

[3 <./fly-eps-converted-to.pdf>] (sig-alternate-sample.bbl) [4 <./flies-eps-con
verted-to.pdf> <./rosette-eps-converted-to.pdf>] [5

] (sig-alternate-sample.aux)

LaTeX Font Warning: Some font shapes were not available, defaults substituted.

 ) 
Here is how much of TeX's memory you used:
 3302 strings out of 493335
 44094 string characters out of 3130231
 118444 words of memory out of 3000000
 6688 multiletter control sequences out of 15000+200000
 69653 words of font info for 98 fonts, out of 3000000 for 9000
 1141 hyphenation exceptions out of 8191
 41i,12n,37p,647b,466s stack positions out of 5000i,500n,10000p,200000b,50000s
{C:/Users/Jonas/AppData/Local/Programs/MiKTeX 2.9/fonts/enc/dvips/fontname/8r
.enc}<C:/Users/Jonas/AppData/Local/Programs/MiKTeX 2.9/fonts/type1/public/amsfo
nts/cm/cmbx9.pfb><C:/Users/Jonas/AppData/Local/Programs/MiKTeX 2.9/fonts/type1/
public/amsfonts/cm/cmcsc10.pfb><C:/Users/Jonas/AppData/Local/Programs/MiKTeX 2.
9/fonts/type1/public/amsfonts/cmextra/cmex9.pfb><C:/Users/Jonas/AppData/Local/P
rograms/MiKTeX 2.9/fonts/type1/public/amsfonts/cm/cmmi6.pfb><C:/Users/Jonas/App
Data/Local/Programs/MiKTeX 2.9/fonts/type1/public/amsfonts/cm/cmmi9.pfb><C:/Use
rs/Jonas/AppData/Local/Programs/MiKTeX 2.9/fonts/type1/public/amsfonts/cm/cmr6.
pfb><C:/Users/Jonas/AppData/Local/Programs/MiKTeX 2.9/fonts/type1/public/amsfon
ts/cm/cmr8.pfb><C:/Users/Jonas/AppData/Local/Programs/MiKTeX 2.9/fonts/type1/pu
blic/amsfonts/cm/cmr9.pfb><C:/Users/Jonas/AppData/Local/Programs/MiKTeX 2.9/fon
ts/type1/public/amsfonts/cm/cmsy6.pfb><C:/Users/Jonas/AppData/Local/Programs/Mi
KTeX 2.9/fonts/type1/public/amsfonts/cm/cmsy7.pfb><C:/Users/Jonas/AppData/Local
/Programs/MiKTeX 2.9/fonts/type1/public/amsfonts/cm/cmsy9.pfb><C:/Users/Jonas/A
ppData/Local/Programs/MiKTeX 2.9/fonts/type1/public/amsfonts/cm/cmti7.pfb><C:/U
sers/Jonas/AppData/Local/Programs/MiKTeX 2.9/fonts/type1/public/amsfonts/cm/cmt
i9.pfb><C:/Users/Jonas/AppData/Local/Programs/MiKTeX 2.9/fonts/type1/public/ams
fonts/cm/cmtt9.pfb><C:/Users/Jonas/AppData/Local/Programs/MiKTeX 2.9/fonts/type
1/urw/helvetic/uhvb8a.pfb><C:/Users/Jonas/AppData/Local/Programs/MiKTeX 2.9/fon
ts/type1/urw/helvetic/uhvbo8a.pfb><C:/Users/Jonas/AppData/Local/Programs/MiKTeX
 2.9/fonts/type1/urw/helvetic/uhvr8a.pfb><C:/Users/Jonas/AppData/Local/Programs
/MiKTeX 2.9/fonts/type1/urw/times/utmb8a.pfb><C:/Users/Jonas/AppData/Local/Prog
rams/MiKTeX 2.9/fonts/type1/urw/times/utmbi8a.pfb><C:/Users/Jonas/AppData/Local
/Programs/MiKTeX 2.9/fonts/type1/urw/times/utmr8a.pfb><C:/Users/Jonas/AppData/L
ocal/Programs/MiKTeX 2.9/fonts/type1/urw/times/utmri8a.pfb>
Output written on sig-alternate-sample.pdf (5 pages, 276787 bytes).
PDF statistics:
 112 PDF objects out of 1000 (max. 8388607)
 0 named destinations out of 1000 (max. 500000)
 16 words of extra memory for PDF output out of 10000 (max. 10000000)

